<?xml version="1.0" encoding="UTF-8"?>
<testng-results total="1" passed="1" failed="0" skipped="0">
  <reporter-output>
  </reporter-output>
  <suite started-at="2022-05-29T15:04:13Z" name="Suite" finished-at="2022-05-29T15:04:29Z" duration-ms="15792">
    <groups>
    </groups>
    <test started-at="2022-05-29T15:04:13Z" name="Test" finished-at="2022-05-29T15:04:29Z" duration-ms="15792">
      <class name="mil.dtic.selenium.RunTest">
        <test-method is-config="true" signature="beforeClass()[pri:0, instance:mil.dtic.selenium.RunTest@31f9b85e]" started-at="2022-05-29T11:04:13Z" name="beforeClass" finished-at="2022-05-29T11:04:14Z" duration-ms="687" status="PASS">
          <reporter-output>
          </reporter-output>
        </test-method> <!-- beforeClass -->
        <test-method signature="readExcel()[pri:0, instance:mil.dtic.selenium.RunTest@31f9b85e]" started-at="2022-05-29T11:04:14Z" name="readExcel" finished-at="2022-05-29T11:04:29Z" duration-ms="15095" status="PASS">
          <reporter-output>
          </reporter-output>
        </test-method> <!-- readExcel -->
        <test-method is-config="true" signature="afterClass()[pri:0, instance:mil.dtic.selenium.RunTest@31f9b85e]" started-at="2022-05-29T11:04:29Z" name="afterClass" finished-at="2022-05-29T11:04:29Z" duration-ms="0" status="PASS">
          <reporter-output>
          </reporter-output>
        </test-method> <!-- afterClass -->
      </class> <!-- mil.dtic.selenium.RunTest -->
    </test> <!-- Test -->
  </suite> <!-- Suite -->
</testng-results>
